1605408994532	mozrunner::runner	INFO	Running command: "/usr/bin/firefox" "-marionette" "-foreground" "-no-remote" "-profile" "/tmp/rust_mozprofileTiZRJy"
console.error: Enterprise Policies: 
  Error parsing JSON file
console.warn: SearchSettings: "get: No settings file exists, new profile?" (new Error("", "(unknown module)"))
1605408996772	Marionette	INFO	Listening on port 34799
1605408996877	Marionette	WARN	TLS certificate errors will be ignored for this session
1605408997924	mozrunner::runner	INFO	Running command: "/usr/bin/firefox" "-marionette" "-foreground" "-no-remote" "-profile" "/tmp/rust_mozprofileBbeAQT"
console.error: Enterprise Policies: 
  Error parsing JSON file
console.warn: SearchSettings: "get: No settings file exists, new profile?" (new Error("", "(unknown module)"))
1605408999869	Marionette	INFO	Listening on port 46481
1605408999976	Marionette	WARN	TLS certificate errors will be ignored for this session
JavaScript error: https://crypt.parrot.sh/bower_components/requirejs/require.js?ver=2.3.5, line 168: Error: Script error for "/common/boot.js?ver=1.0"
http://requirejs.org/docs/errors.html#scripterror
1605409003172	Marionette	INFO	Stopped listening on port 46481
JavaScript error: resource://gre/modules/UrlClassifierListManager.jsm, line 446: NS_ERROR_NOT_INITIALIZED: Component returned failure code: 0xc1f30001 (NS_ERROR_NOT_INITIALIZED) [nsIUrlClassifierDBService.getTables]
JavaScript error: resource://gre/modules/BackgroundPageThumbs.jsm, line 309: TypeError: this._captureQueue is undefined
1605409004728	Marionette	INFO	Stopped listening on port 34799
1605409031863	mozrunner::runner	INFO	Running command: "/usr/bin/firefox" "-marionette" "-foreground" "-no-remote" "-profile" "/tmp/rust_mozprofilesRSPUb"
console.error: Enterprise Policies: 
  Error parsing JSON file
console.warn: SearchSettings: "get: No settings file exists, new profile?" (new Error("", "(unknown module)"))
1605409033410	Marionette	INFO	Listening on port 41795
1605409033490	Marionette	WARN	TLS certificate errors will be ignored for this session
JavaScript error: https://crypt.parrot.sh/bower_components/requirejs/require.js?ver=2.3.5, line 168: Error: Script error for "/api/config?cb=175c9d5dde8", needed by: /common/boot.js?ver=1.0
http://requirejs.org/docs/errors.html#scripterror
JavaScript warning: https://web.whatsapp.com/app.91e887b2b63434f2a2e6.js, line 1: unreachable code after return statement
JavaScript warning: https://web.whatsapp.com/app.91e887b2b63434f2a2e6.js, line 1: unreachable code after return statement

###!!! [Parent][RunMessage] Error: Channel closing: too late to send/recv, messages will be lost


###!!! [Parent][RunMessage] Error: Channel closing: too late to send/recv, messages will be lost


###!!! [Parent][RunMessage] Error: Channel closing: too late to send/recv, messages will be lost


###!!! [Parent][RunMessage] Error: Channel closing: too late to send/recv, messages will be lost


###!!! [Parent][RunMessage] Error: Channel closing: too late to send/recv, messages will be lost


###!!! [Parent][RunMessage] Error: Channel closing: too late to send/recv, messages will be lost


###!!! [Parent][RunMessage] Error: Channel closing: too late to send/recv, messages will be lost


###!!! [Parent][RunMessage] Error: Channel closing: too late to send/recv, messages will be lost

Exiting due to channel error.
Exiting due to channel error.
Exiting due to channel error.
Exiting due to channel error.
1605409183698	mozrunner::runner	INFO	Running command: "/usr/bin/firefox" "-marionette" "-foreground" "-no-remote" "-profile" "/tmp/rust_mozprofilegIrs2t"
console.error: Enterprise Policies: 
  Error parsing JSON file
console.warn: SearchSettings: "get: No settings file exists, new profile?" (new Error("", "(unknown module)"))
1605409185269	Marionette	INFO	Listening on port 35991
1605409185329	Marionette	WARN	TLS certificate errors will be ignored for this session
JavaScript warning: https://web.whatsapp.com/app.91e887b2b63434f2a2e6.js, line 1: unreachable code after return statement
JavaScript warning: https://web.whatsapp.com/app.91e887b2b63434f2a2e6.js, line 1: unreachable code after return statement
JavaScript error: https://crypt.parrot.sh/bower_components/requirejs/require.js?ver=2.3.5, line 168: Error: Script error for "/common/boot.js?ver=1.0"
http://requirejs.org/docs/errors.html#scripterror

###!!! [Parent][RunMessage] Error: Channel closing: too late to send/recv, messages will be lost


###!!! [Parent][RunMessage] Error: Channel closing: too late to send/recv, messages will be lost


###!!! [Parent][RunMessage] Error: Channel closing: too late to send/recv, messages will be lost


###!!! [Parent][RunMessage] Error: Channel closing: too late to send/recv, messages will be lost


###!!! [Parent][RunMessage] Error: Channel closing: too late to send/recv, messages will be lost


###!!! [Parent][RunMessage] Error: Channel closing: too late to send/recv, messages will be lost


###!!! [Parent][RunMessage] Error: Channel closing: too late to send/recv, messages will be lost


###!!! [Parent][RunMessage] Error: Channel closing: too late to send/recv, messages will be lost


###!!! [Parent][RunMessage] Error: Channel closing: too late to send/recv, messages will be lost

Exiting due to channel error.
Exiting due to channel error.
Exiting due to channel error.
Exiting due to channel error.
1605409266444	mozrunner::runner	INFO	Running command: "/usr/bin/firefox" "-marionette" "-foreground" "-no-remote" "-profile" "/tmp/rust_mozprofile4e9d9y"
console.error: Enterprise Policies: 
  Error parsing JSON file
console.warn: SearchSettings: "get: No settings file exists, new profile?" (new Error("", "(unknown module)"))
1605409268301	Marionette	INFO	Listening on port 43187
1605409268377	Marionette	WARN	TLS certificate errors will be ignored for this session
1605409270797	Marionette	INFO	Stopped listening on port 43187
JavaScript error: resource://gre/modules/UrlClassifierListManager.jsm, line 446: NS_ERROR_NOT_INITIALIZED: Component returned failure code: 0xc1f30001 (NS_ERROR_NOT_INITIALIZED) [nsIUrlClassifierDBService.getTables]
1605409284213	mozrunner::runner	INFO	Running command: "/usr/bin/firefox" "-marionette" "-foreground" "-no-remote" "-profile" "/tmp/rust_mozprofile8IH5xg"
console.error: Enterprise Policies: 
  Error parsing JSON file
console.warn: SearchSettings: "get: No settings file exists, new profile?" (new Error("", "(unknown module)"))
1605409285797	Marionette	INFO	Listening on port 40977
1605409285840	Marionette	WARN	TLS certificate errors will be ignored for this session
JavaScript warning: https://web.whatsapp.com/app.91e887b2b63434f2a2e6.js, line 1: unreachable code after return statement
JavaScript warning: https://web.whatsapp.com/app.91e887b2b63434f2a2e6.js, line 1: unreachable code after return statement
JavaScript error: https://crypt.parrot.sh/bower_components/requirejs/require.js?ver=2.3.5, line 168: Error: Script error for "/common/requireconfig.js", needed by: /common/boot2.js
http://requirejs.org/docs/errors.html#scripterror
Exiting due to channel error.
Exiting due to channel error.
Exiting due to channel error.
Exiting due to channel error.
1605409384673	mozrunner::runner	INFO	Running command: "/usr/bin/firefox" "-marionette" "-foreground" "-no-remote" "-profile" "/tmp/rust_mozprofileJTGnBZ"
console.error: Enterprise Policies: 
  Error parsing JSON file
console.warn: SearchSettings: "get: No settings file exists, new profile?" (new Error("", "(unknown module)"))
1605409386518	Marionette	INFO	Listening on port 45069
1605409386596	Marionette	WARN	TLS certificate errors will be ignored for this session
JavaScript warning: https://web.whatsapp.com/app.91e887b2b63434f2a2e6.js, line 1: unreachable code after return statement
JavaScript warning: https://web.whatsapp.com/app.91e887b2b63434f2a2e6.js, line 1: unreachable code after return statement
Exiting due to channel error.
Exiting due to channel error.
Exiting due to channel error.
Exiting due to channel error.
1605409434940	mozrunner::runner	INFO	Running command: "/usr/bin/firefox" "-marionette" "-foreground" "-no-remote" "-profile" "/tmp/rust_mozprofile1IZF5O"
console.error: Enterprise Policies: 
  Error parsing JSON file
console.warn: SearchSettings: "get: No settings file exists, new profile?" (new Error("", "(unknown module)"))
1605409436527	Marionette	INFO	Listening on port 42939
1605409436564	Marionette	WARN	TLS certificate errors will be ignored for this session
JavaScript warning: https://web.whatsapp.com/app.91e887b2b63434f2a2e6.js, line 1: unreachable code after return statement
JavaScript warning: https://web.whatsapp.com/app.91e887b2b63434f2a2e6.js, line 1: unreachable code after return statement
JavaScript error: https://crypt.parrot.sh/bower_components/requirejs/require.js?ver=2.3.5, line 168: Error: Script error for "/api/config?cb=175c9dc0164", needed by: /common/boot.js?ver=1.0
http://requirejs.org/docs/errors.html#scripterror

###!!! [Parent][RunMessage] Error: Channel closing: too late to send/recv, messages will be lost


###!!! [Parent][RunMessage] Error: Channel closing: too late to send/recv, messages will be lost


###!!! [Parent][RunMessage] Error: Channel closing: too late to send/recv, messages will be lost


###!!! [Parent][RunMessage] Error: Channel closing: too late to send/recv, messages will be lost


###!!! [Parent][RunMessage] Error: Channel closing: too late to send/recv, messages will be lost


###!!! [Parent][RunMessage] Error: Channel closing: too late to send/recv, messages will be lost


###!!! [Parent][RunMessage] Error: Channel closing: too late to send/recv, messages will be lost


###!!! [Parent][RunMessage] Error: Channel closing: too late to send/recv, messages will be lost


###!!! [Parent][RunMessage] Error: Channel closing: too late to send/recv, messages will be lost

Exiting due to channel error.
Exiting due to channel error.
Exiting due to channel error.
Exiting due to channel error.
1605410420800	mozrunner::runner	INFO	Running command: "/usr/bin/firefox" "-marionette" "-foreground" "-no-remote" "-profile" "/tmp/rust_mozprofileEAwLaP"
console.error: Enterprise Policies: 
  Error parsing JSON file
console.warn: SearchSettings: "get: No settings file exists, new profile?" (new Error("", "(unknown module)"))
1605410422710	Marionette	INFO	Listening on port 43609
1605410422834	Marionette	WARN	TLS certificate errors will be ignored for this session
JavaScript warning: https://web.whatsapp.com/app.91e887b2b63434f2a2e6.js, line 1: unreachable code after return statement
JavaScript warning: https://web.whatsapp.com/app.91e887b2b63434f2a2e6.js, line 1: unreachable code after return statement
JavaScript warning: https://web.whatsapp.com/app.91e887b2b63434f2a2e6.js, line 1: unreachable code after return statement
JavaScript warning: https://web.whatsapp.com/app.91e887b2b63434f2a2e6.js, line 1: unreachable code after return statement
1605410458682	mozrunner::runner	INFO	Running command: "/usr/bin/firefox" "-marionette" "-foreground" "-no-remote" "-profile" "/tmp/rust_mozprofileS4mAH9"
console.error: Enterprise Policies: 
  Error parsing JSON file
console.warn: SearchSettings: "get: No settings file exists, new profile?" (new Error("", "(unknown module)"))
1605410460287	Marionette	INFO	Listening on port 39011
1605410460408	Marionette	WARN	TLS certificate errors will be ignored for this session
JavaScript warning: https://web.whatsapp.com/app.91e887b2b63434f2a2e6.js, line 1: unreachable code after return statement
JavaScript warning: https://web.whatsapp.com/app.91e887b2b63434f2a2e6.js, line 1: unreachable code after return statement
JavaScript warning: https://web.whatsapp.com/app.91e887b2b63434f2a2e6.js, line 1: unreachable code after return statement
JavaScript warning: https://web.whatsapp.com/app.91e887b2b63434f2a2e6.js, line 1: unreachable code after return statement
1605410502643	mozrunner::runner	INFO	Running command: "/usr/bin/firefox" "-marionette" "-foreground" "-no-remote" "-profile" "/tmp/rust_mozprofilellbux2"
console.error: Enterprise Policies: 
  Error parsing JSON file
console.warn: SearchSettings: "get: No settings file exists, new profile?" (new Error("", "(unknown module)"))
1605410504305	Marionette	INFO	Listening on port 33439
1605410504379	Marionette	WARN	TLS certificate errors will be ignored for this session
JavaScript warning: https://web.whatsapp.com/app.91e887b2b63434f2a2e6.js, line 1: unreachable code after return statement
JavaScript warning: https://web.whatsapp.com/app.91e887b2b63434f2a2e6.js, line 1: unreachable code after return statement
JavaScript error: https://crypt.parrot.sh/bower_components/requirejs/require.js?ver=2.3.5, line 168: Error: Script error for "/api/config", needed by: /common/requireconfig.js
http://requirejs.org/docs/errors.html#scripterror
console.error: Region.jsm: "Error fetching region" (new AbortError("The operation was aborted. ", (void 0), 697))
console.error: Region.jsm: "Failed to fetch region" (new Error("NO_RESULT", "resource://gre/modules/Region.jsm", 351))
JavaScript warning: https://web.whatsapp.com/app.91e887b2b63434f2a2e6.js, line 1: unreachable code after return statement
JavaScript warning: https://web.whatsapp.com/app.91e887b2b63434f2a2e6.js, line 1: unreachable code after return statement
1605410522064	Marionette	INFO	Stopped listening on port 33439
1605410526340	mozrunner::runner	INFO	Running command: "/usr/bin/firefox" "-marionette" "-foreground" "-no-remote" "-profile" "/tmp/rust_mozprofileuXUyJG"
console.error: Enterprise Policies: 
  Error parsing JSON file
console.warn: SearchSettings: "get: No settings file exists, new profile?" (new Error("", "(unknown module)"))
1605410528468	Marionette	INFO	Listening on port 40929
1605410528564	Marionette	WARN	TLS certificate errors will be ignored for this session
JavaScript warning: https://web.whatsapp.com/app.91e887b2b63434f2a2e6.js, line 1: unreachable code after return statement
JavaScript warning: https://web.whatsapp.com/app.91e887b2b63434f2a2e6.js, line 1: unreachable code after return statement
JavaScript warning: https://web.whatsapp.com/app.91e887b2b63434f2a2e6.js, line 1: unreachable code after return statement
JavaScript warning: https://web.whatsapp.com/app.91e887b2b63434f2a2e6.js, line 1: unreachable code after return statement
JavaScript error: https://www.googletagmanager.com/gtm.js?id=GTM-T5FXXG9, line 760: uncaught exception: [object Object]
JavaScript error: https://www.googletagmanager.com/gtm.js?id=GTM-T5FXXG9, line 760: uncaught exception: [object Object]
1605410556943	mozrunner::runner	INFO	Running command: "/usr/bin/firefox" "-marionette" "-foreground" "-no-remote" "-profile" "/tmp/rust_mozprofilemrJ66q"
console.error: Enterprise Policies: 
  Error parsing JSON file
console.warn: SearchSettings: "get: No settings file exists, new profile?" (new Error("", "(unknown module)"))
1605410558724	Marionette	INFO	Listening on port 39725
1605410558783	Marionette	WARN	TLS certificate errors will be ignored for this session
JavaScript warning: https://web.whatsapp.com/app.91e887b2b63434f2a2e6.js, line 1: unreachable code after return statement
JavaScript warning: https://web.whatsapp.com/app.91e887b2b63434f2a2e6.js, line 1: unreachable code after return statement
console.error: Region.jsm: "Error fetching region" (new AbortError("The operation was aborted. ", (void 0), 697))
console.error: Region.jsm: "Failed to fetch region" (new Error("NO_RESULT", "resource://gre/modules/Region.jsm", 351))
JavaScript error: https://crypt.parrot.sh/bower_components/requirejs/require.js?ver=2.3.5, line 168: Error: Script error for "/common/boot.js?ver=1.0"
http://requirejs.org/docs/errors.html#scripterror
JavaScript warning: https://web.whatsapp.com/app.91e887b2b63434f2a2e6.js, line 1: unreachable code after return statement
JavaScript warning: https://web.whatsapp.com/app.91e887b2b63434f2a2e6.js, line 1: unreachable code after return statement
JavaScript warning: https://www.linode.com/wp-content/plugins/linode-website-plugin/plugins/beaver-builder/modules/video-js/js/video.min.js, line 19: Script terminated by timeout at:
Wr</e.createEl/<@https://www.linode.com/wp-content/plugins/linode-website-plugin/plugins/beaver-builder/modules/video-js/js/video.min.js:19:133152
Wr</e.createEl@https://www.linode.com/wp-content/plugins/linode-website-plugin/plugins/beaver-builder/modules/video-js/js/video.min.js:19:133068
l@https://www.linode.com/wp-content/plugins/linode-website-plugin/plugins/beaver-builder/modules/video-js/js/video.min.js:19:130346
as@https://www.linode.com/wp-content/plugins/linode-website-plugin/plugins/beaver-builder/modules/video-js/js/video.min.js:19:171536
@https://www.linode.com/wp-content/plugins/linode-website-plugin/plugins/beaver-builder/modules/video-js/js/autoplay-scroll.js:1:182
@https://www.linode.com/wp-content/plugins/linode-website-plugin/plugins/beaver-builder/modules/video-js/js/autoplay-scroll.js:1:148
@https://www.linode.com/wp-content/plugins/linode-website-plugin/plugins/beaver-builder/modules/video-js/js/autoplay-scroll.js:1:650

JavaScript error: https://www.googletagmanager.com/gtm.js?id=GTM-T5FXXG9, line 760: uncaught exception: [object Object]
JavaScript error: https://www.googletagmanager.com/gtm.js?id=GTM-T5FXXG9, line 760: uncaught exception: [object Object]
1605410591269	Marionette	INFO	Stopped listening on port 43609
1605410592620	Marionette	INFO	Stopped listening on port 39011
1605410594128	Marionette	INFO	Stopped listening on port 40929
JavaScript error: resource://gre/modules/BackgroundPageThumbs.jsm, line 309: TypeError: this._captureQueue is undefined
1605410594649	Marionette	INFO	Stopped listening on port 39725
1605410605666	mozrunner::runner	INFO	Running command: "/usr/bin/firefox" "-marionette" "-foreground" "-no-remote" "-profile" "/tmp/rust_mozprofileHhzFS0"
console.error: Enterprise Policies: 
  Error parsing JSON file
console.warn: SearchSettings: "get: No settings file exists, new profile?" (new Error("", "(unknown module)"))
1605410607246	Marionette	INFO	Listening on port 35749
1605410607289	Marionette	WARN	TLS certificate errors will be ignored for this session
JavaScript warning: https://web.whatsapp.com/app.91e887b2b63434f2a2e6.js, line 1: unreachable code after return statement
JavaScript warning: https://web.whatsapp.com/app.91e887b2b63434f2a2e6.js, line 1: unreachable code after return statement
console.error: Region.jsm: "Error fetching region" (new AbortError("The operation was aborted. ", (void 0), 697))
console.error: Region.jsm: "Failed to fetch region" (new Error("NO_RESULT", "resource://gre/modules/Region.jsm", 351))
JavaScript error: https://crypt.parrot.sh/bower_components/requirejs/require.js?ver=2.3.5, line 168: Error: Script error for "/common/boot.js?ver=1.0"
http://requirejs.org/docs/errors.html#scripterror
JavaScript warning: https://web.whatsapp.com/app.91e887b2b63434f2a2e6.js, line 1: unreachable code after return statement
JavaScript warning: https://web.whatsapp.com/app.91e887b2b63434f2a2e6.js, line 1: unreachable code after return statement
1605410651492	Marionette	INFO	Stopped listening on port 35749
1605410652382	mozrunner::runner	INFO	Running command: "/usr/bin/firefox" "-marionette" "-foreground" "-no-remote" "-profile" "/tmp/rust_mozprofileMSdLGP"
console.error: Enterprise Policies: 
  Error parsing JSON file
console.warn: SearchSettings: "get: No settings file exists, new profile?" (new Error("", "(unknown module)"))
1605410653993	Marionette	INFO	Listening on port 45409
1605410654110	Marionette	WARN	TLS certificate errors will be ignored for this session
JavaScript warning: https://web.whatsapp.com/app.91e887b2b63434f2a2e6.js, line 1: unreachable code after return statement
JavaScript warning: https://web.whatsapp.com/app.91e887b2b63434f2a2e6.js, line 1: unreachable code after return statement
JavaScript warning: https://web.whatsapp.com/app.91e887b2b63434f2a2e6.js, line 1: unreachable code after return statement
JavaScript warning: https://web.whatsapp.com/app.91e887b2b63434f2a2e6.js, line 1: unreachable code after return statement

###!!! [Parent][RunMessage] Error: Channel closing: too late to send/recv, messages will be lost


###!!! [Parent][RunMessage] Error: Channel closing: too late to send/recv, messages will be lost


###!!! [Parent][RunMessage] Error: Channel closing: too late to send/recv, messages will be lost


###!!! [Parent][RunMessage] Error: Channel closing: too late to send/recv, messages will be lost


###!!! [Parent][RunMessage] Error: Channel closing: too late to send/recv, messages will be lost


###!!! [Parent][RunMessage] Error: Channel closing: too late to send/recv, messages will be lost


###!!! [Parent][RunMessage] Error: Channel closing: too late to send/recv, messages will be lost


###!!! [Parent][RunMessage] Error: Channel closing: too late to send/recv, messages will be lost


###!!! [Parent][RunMessage] Error: Channel closing: too late to send/recv, messages will be lost


###!!! [Parent][RunMessage] Error: Channel closing: too late to send/recv, messages will be lost


###!!! [Parent][RunMessage] Error: Channel closing: too late to send/recv, messages will be lost


###!!! [Parent][RunMessage] Error: Channel closing: too late to send/recv, messages will be lost


###!!! [Parent][RunMessage] Error: Channel closing: too late to send/recv, messages will be lost

1605410761934	Marionette	INFO	Stopped listening on port 45409
JavaScript error: resource://gre/modules/PageThumbUtils.jsm, line 38: TypeError: aWindow is null
1605410820526	mozrunner::runner	INFO	Running command: "/usr/bin/firefox" "-marionette" "-foreground" "-no-remote" "-profile" "/tmp/rust_mozprofileJk8kw4"
console.error: Enterprise Policies: 
  Error parsing JSON file
console.warn: SearchSettings: "get: No settings file exists, new profile?" (new Error("", "(unknown module)"))
1605410822297	Marionette	INFO	Listening on port 46521
1605410822352	Marionette	WARN	TLS certificate errors will be ignored for this session
JavaScript warning: https://web.whatsapp.com/app.91e887b2b63434f2a2e6.js, line 1: unreachable code after return statement
JavaScript warning: https://web.whatsapp.com/app.91e887b2b63434f2a2e6.js, line 1: unreachable code after return statement
JavaScript warning: https://web.whatsapp.com/app.91e887b2b63434f2a2e6.js, line 1: unreachable code after return statement
JavaScript warning: https://web.whatsapp.com/app.91e887b2b63434f2a2e6.js, line 1: unreachable code after return statement
1605410882807	Marionette	INFO	Stopped listening on port 46521
1605410903312	mozrunner::runner	INFO	Running command: "/usr/bin/firefox" "-marionette" "-foreground" "-no-remote" "-profile" "/tmp/rust_mozprofile2VPXHx"
console.error: Enterprise Policies: 
  Error parsing JSON file
console.warn: SearchSettings: "get: No settings file exists, new profile?" (new Error("", "(unknown module)"))
1605410905087	Marionette	INFO	Listening on port 40591
1605410905137	Marionette	WARN	TLS certificate errors will be ignored for this session
JavaScript warning: https://web.whatsapp.com/app.91e887b2b63434f2a2e6.js, line 1: unreachable code after return statement
JavaScript warning: https://web.whatsapp.com/app.91e887b2b63434f2a2e6.js, line 1: unreachable code after return statement
JavaScript warning: https://web.whatsapp.com/app.91e887b2b63434f2a2e6.js, line 1: unreachable code after return statement
JavaScript warning: https://web.whatsapp.com/app.91e887b2b63434f2a2e6.js, line 1: unreachable code after return statement
JavaScript warning: https://web.whatsapp.com/app.91e887b2b63434f2a2e6.js, line 1: unreachable code after return statement

###!!! [Parent][RunMessage] Error: Channel closing: too late to send/recv, messages will be lost


###!!! [Parent][RunMessage] Error: Channel closing: too late to send/recv, messages will be lost


###!!! [Parent][RunMessage] Error: Channel closing: too late to send/recv, messages will be lost


###!!! [Parent][RunMessage] Error: Channel closing: too late to send/recv, messages will be lost


###!!! [Parent][RunMessage] Error: Channel closing: too late to send/recv, messages will be lost


###!!! [Parent][RunMessage] Error: Channel closing: too late to send/recv, messages will be lost


###!!! [Parent][RunMessage] Error: Channel closing: too late to send/recv, messages will be lost


###!!! [Parent][RunMessage] Error: Channel closing: too late to send/recv, messages will be lost


###!!! [Parent][RunMessage] Error: Channel closing: too late to send/recv, messages will be lost


###!!! [Parent][RunMessage] Error: Channel closing: too late to send/recv, messages will be lost


###!!! [Parent][RunMessage] Error: Channel closing: too late to send/recv, messages will be lost


###!!! [Parent][RunMessage] Error: Channel closing: too late to send/recv, messages will be lost


###!!! [Parent][RunMessage] Error: Channel closing: too late to send/recv, messages will be lost


###!!! [Parent][RunMessage] Error: Channel closing: too late to send/recv, messages will be lost


###!!! [Parent][RunMessage] Error: Channel closing: too late to send/recv, messages will be lost


###!!! [Parent][RunMessage] Error: Channel closing: too late to send/recv, messages will be lost


###!!! [Parent][RunMessage] Error: Channel closing: too late to send/recv, messages will be lost


###!!! [Parent][RunMessage] Error: Channel closing: too late to send/recv, messages will be lost


###!!! [Parent][RunMessage] Error: Channel closing: too late to send/recv, messages will be lost


###!!! [Parent][RunMessage] Error: Channel closing: too late to send/recv, messages will be lost


###!!! [Parent][RunMessage] Error: Channel closing: too late to send/recv, messages will be lost

JavaScript error: https://nextcloud.com/wp-content/themes/next/node_modules/requirejs/require.min.js?x53054, line 17: Error: Script error for "pages/signup"
http://requirejs.org/docs/errors.html#scripterror
Handler function threw an exception: [Exception... "Component returned failure code: 0x80040111 (NS_ERROR_NOT_AVAILABLE) [nsIHttpChannelInternal.remoteAddress]"  nsresult: "0x80040111 (NS_ERROR_NOT_AVAILABLE)"  location: "JS frame :: resource://devtools/server/actors/network-monitor/network-observer.js :: _onResponseHeader :: line 1086"  data: no]
Stack: _onResponseHeader@resource://devtools/server/actors/network-monitor/network-observer.js:1086:5
_dispatchActivity@resource://devtools/server/actors/network-monitor/network-observer.js:581:14
NetworkObserver.prototype.observeActivity<@resource://devtools/server/actors/network-monitor/network-observer.js:662:12
exports.makeInfallible/<@resource://devtools/shared/ThreadSafeDevToolsUtils.js:103:22
Line: 1086, column: 0
console.error: ({})
Handler function threw an exception: TypeError: undefined has no properties
Stack: _getWaitTiming@resource://devtools/server/actors/network-monitor/network-observer.js:1185:1
_setupHarTimings@resource://devtools/server/actors/network-monitor/network-observer.js:1410:28
_onTransactionClose@resource://devtools/server/actors/network-monitor/network-observer.js:1133:27
_dispatchActivity@resource://devtools/server/actors/network-monitor/network-observer.js:584:14
NetworkObserver.prototype.observeActivity<@resource://devtools/server/actors/network-monitor/network-observer.js:662:12
exports.makeInfallible/<@resource://devtools/shared/ThreadSafeDevToolsUtils.js:103:22
Line: 1185, column: 1
console.error: (new TypeError("undefined has no properties", "resource://devtools/server/actors/network-monitor/network-observer.js", 1185))
IPDL protocol error: Handler returned error code!

###!!! [Parent][DispatchAsyncMessage] Error: PLayerTransaction::Msg_ReleaseLayer Processing error: message was deserialized, but the handler returned false (indicating failure)

IPDL protocol error: Handler returned error code!

###!!! [Parent][DispatchAsyncMessage] Error: PLayerTransaction::Msg_ReleaseLayer Processing error: message was deserialized, but the handler returned false (indicating failure)

IPDL protocol error: Handler returned error code!

###!!! [Parent][DispatchAsyncMessage] Error: PLayerTransaction::Msg_ReleaseLayer Processing error: message was deserialized, but the handler returned false (indicating failure)

IPDL protocol error: Handler returned error code!

###!!! [Parent][DispatchAsyncMessage] Error: PLayerTransaction::Msg_ReleaseLayer Processing error: message was deserialized, but the handler returned false (indicating failure)

IPDL protocol error: Handler returned error code!

###!!! [Parent][DispatchAsyncMessage] Error: PLayerTransaction::Msg_ReleaseLayer Processing error: message was deserialized, but the handler returned false (indicating failure)

IPDL protocol error: Handler returned error code!

###!!! [Parent][DispatchAsyncMessage] Error: PLayerTransaction::Msg_ReleaseLayer Processing error: message was deserialized, but the handler returned false (indicating failure)

IPDL protocol error: Handler returned error code!

###!!! [Parent][DispatchAsyncMessage] Error: PLayerTransaction::Msg_ReleaseLayer Processing error: message was deserialized, but the handler returned false (indicating failure)

IPDL protocol error: Handler returned error code!

###!!! [Parent][DispatchAsyncMessage] Error: PLayerTransaction::Msg_ReleaseLayer Processing error: message was deserialized, but the handler returned false (indicating failure)

IPDL protocol error: Handler returned error code!

###!!! [Parent][DispatchAsyncMessage] Error: PLayerTransaction::Msg_ReleaseLayer Processing error: message was deserialized, but the handler returned false (indicating failure)

IPDL protocol error: Handler returned error code!

###!!! [Parent][DispatchAsyncMessage] Error: PLayerTransaction::Msg_ReleaseLayer Processing error: message was deserialized, but the handler returned false (indicating failure)

IPDL protocol error: Handler returned error code!

###!!! [Parent][DispatchAsyncMessage] Error: PLayerTransaction::Msg_ReleaseLayer Processing error: message was deserialized, but the handler returned false (indicating failure)

IPDL protocol error: Handler returned error code!

###!!! [Parent][DispatchAsyncMessage] Error: PLayerTransaction::Msg_ReleaseLayer Processing error: message was deserialized, but the handler returned false (indicating failure)

1605411050192	Marionette	INFO	Stopped listening on port 40591
1605411070518	mozrunner::runner	INFO	Running command: "/usr/bin/firefox" "-marionette" "-foreground" "-no-remote" "-profile" "/tmp/rust_mozprofile7gcxJA"
console.error: Enterprise Policies: 
  Error parsing JSON file
console.warn: SearchSettings: "get: No settings file exists, new profile?" (new Error("", "(unknown module)"))
1605411072182	Marionette	INFO	Listening on port 45727
1605411072265	Marionette	WARN	TLS certificate errors will be ignored for this session
JavaScript warning: https://web.whatsapp.com/app.91e887b2b63434f2a2e6.js, line 1: unreachable code after return statement
JavaScript warning: https://web.whatsapp.com/app.91e887b2b63434f2a2e6.js, line 1: unreachable code after return statement
JavaScript warning: https://web.whatsapp.com/app.91e887b2b63434f2a2e6.js, line 1: unreachable code after return statement
JavaScript warning: https://web.whatsapp.com/app.91e887b2b63434f2a2e6.js, line 1: unreachable code after return statement

###!!! [Parent][RunMessage] Error: Channel closing: too late to send/recv, messages will be lost


###!!! [Parent][RunMessage] Error: Channel closing: too late to send/recv, messages will be lost


###!!! [Parent][RunMessage] Error: Channel closing: too late to send/recv, messages will be lost


###!!! [Parent][RunMessage] Error: Channel closing: too late to send/recv, messages will be lost


###!!! [Parent][RunMessage] Error: Channel closing: too late to send/recv, messages will be lost


###!!! [Parent][RunMessage] Error: Channel closing: too late to send/recv, messages will be lost


###!!! [Parent][RunMessage] Error: Channel closing: too late to send/recv, messages will be lost


###!!! [Parent][RunMessage] Error: Channel closing: too late to send/recv, messages will be lost


###!!! [Parent][RunMessage] Error: Channel closing: too late to send/recv, messages will be lost


###!!! [Parent][RunMessage] Error: Channel closing: too late to send/recv, messages will be lost


###!!! [Parent][RunMessage] Error: Channel closing: too late to send/recv, messages will be lost


###!!! [Parent][RunMessage] Error: Channel closing: too late to send/recv, messages will be lost


###!!! [Parent][RunMessage] Error: Channel closing: too late to send/recv, messages will be lost


###!!! [Parent][RunMessage] Error: Channel closing: too late to send/recv, messages will be lost


###!!! [Parent][RunMessage] Error: Channel closing: too late to send/recv, messages will be lost

1605411110221	Marionette	INFO	Stopped listening on port 45727
1605411119601	mozrunner::runner	INFO	Running command: "/usr/bin/firefox" "-marionette" "-foreground" "-no-remote" "-profile" "/tmp/rust_mozprofilehm1RSV"
console.error: Enterprise Policies: 
  Error parsing JSON file
console.warn: SearchSettings: "get: No settings file exists, new profile?" (new Error("", "(unknown module)"))
1605411121358	Marionette	INFO	Listening on port 42423
1605411121440	Marionette	WARN	TLS certificate errors will be ignored for this session
JavaScript warning: https://web.whatsapp.com/app.91e887b2b63434f2a2e6.js, line 1: unreachable code after return statement
JavaScript warning: https://web.whatsapp.com/app.91e887b2b63434f2a2e6.js, line 1: unreachable code after return statement
JavaScript warning: https://web.whatsapp.com/app.91e887b2b63434f2a2e6.js, line 1: unreachable code after return statement
JavaScript warning: https://web.whatsapp.com/app.91e887b2b63434f2a2e6.js, line 1: unreachable code after return statement

###!!! [Parent][RunMessage] Error: Channel closing: too late to send/recv, messages will be lost


###!!! [Parent][RunMessage] Error: Channel closing: too late to send/recv, messages will be lost


###!!! [Parent][RunMessage] Error: Channel closing: too late to send/recv, messages will be lost


###!!! [Parent][RunMessage] Error: Channel closing: too late to send/recv, messages will be lost


###!!! [Parent][RunMessage] Error: Channel closing: too late to send/recv, messages will be lost


###!!! [Parent][RunMessage] Error: Channel closing: too late to send/recv, messages will be lost


###!!! [Parent][RunMessage] Error: Channel closing: too late to send/recv, messages will be lost


###!!! [Parent][RunMessage] Error: Channel closing: too late to send/recv, messages will be lost


###!!! [Parent][RunMessage] Error: Channel closing: too late to send/recv, messages will be lost


###!!! [Parent][RunMessage] Error: Channel closing: too late to send/recv, messages will be lost


###!!! [Parent][RunMessage] Error: Channel closing: too late to send/recv, messages will be lost


###!!! [Parent][RunMessage] Error: Channel closing: too late to send/recv, messages will be lost


###!!! [Parent][RunMessage] Error: Channel closing: too late to send/recv, messages will be lost


###!!! [Parent][RunMessage] Error: Channel closing: too late to send/recv, messages will be lost


###!!! [Parent][RunMessage] Error: Channel closing: too late to send/recv, messages will be lost


###!!! [Parent][RunMessage] Error: Channel closing: too late to send/recv, messages will be lost


###!!! [Parent][RunMessage] Error: Channel closing: too late to send/recv, messages will be lost


###!!! [Parent][RunMessage] Error: Channel closing: too late to send/recv, messages will be lost


###!!! [Parent][RunMessage] Error: Channel closing: too late to send/recv, messages will be lost


###!!! [Parent][RunMessage] Error: Channel closing: too late to send/recv, messages will be lost


###!!! [Parent][RunMessage] Error: Channel closing: too late to send/recv, messages will be lost


###!!! [Parent][RunMessage] Error: Channel closing: too late to send/recv, messages will be lost


###!!! [Parent][RunMessage] Error: Channel closing: too late to send/recv, messages will be lost


###!!! [Parent][RunMessage] Error: Channel closing: too late to send/recv, messages will be lost


###!!! [Parent][RunMessage] Error: Channel closing: too late to send/recv, messages will be lost


###!!! [Parent][RunMessage] Error: Channel closing: too late to send/recv, messages will be lost


###!!! [Parent][RunMessage] Error: Channel closing: too late to send/recv, messages will be lost


###!!! [Parent][RunMessage] Error: Channel closing: too late to send/recv, messages will be lost


###!!! [Parent][RunMessage] Error: Channel closing: too late to send/recv, messages will be lost


###!!! [Parent][RunMessage] Error: Channel closing: too late to send/recv, messages will be lost


###!!! [Parent][RunMessage] Error: Channel closing: too late to send/recv, messages will be lost

1605411176894	Marionette	INFO	Stopped listening on port 42423
JavaScript error: resource://gre/modules/osfile/osfile_async_front.jsm, line 426: Error: OS.File has been shut down. Rejecting post to stat
